[2026-03-02T02:51:22.207+0000] {local_task_job_runner.py:123} INFO - ::group::Pre task execution logs
[2026-03-02T02:51:22.214+0000] {taskinstance.py:2612} INFO - Dependencies all met for dep_context=non-requeueable deps ti=<TaskInstance: WeatherData_ETL.load manual__2026-03-02T02:51:18.203136+00:00 [queued]>
[2026-03-02T02:51:22.217+0000] {taskinstance.py:2612} INFO - Dependencies all met for dep_context=requeueable deps ti=<TaskInstance: WeatherData_ETL.load manual__2026-03-02T02:51:18.203136+00:00 [queued]>
[2026-03-02T02:51:22.217+0000] {taskinstance.py:2865} INFO - Starting attempt 1 of 1
[2026-03-02T02:51:22.221+0000] {taskinstance.py:2888} INFO - Executing <Task(_PythonDecoratedOperator): load> on 2026-03-02 02:51:18.203136+00:00
[2026-03-02T02:51:22.225+0000] {logging_mixin.py:190} WARNING - /home/***/.local/lib/python3.12/site-packages/***/task/task_runner/standard_task_runner.py:70 DeprecationWarning: This process (pid=1707) is multi-threaded, use of fork() may lead to deadlocks in the child.
[2026-03-02T02:51:22.225+0000] {standard_task_runner.py:104} INFO - Running: ['***', 'tasks', 'run', 'WeatherData_ETL', 'load', 'manual__2026-03-02T02:51:18.203136+00:00', '--job-id', '20', '--raw', '--subdir', 'DAGS_FOLDER/Weatherdata_ETL.py', '--cfg-path', '/tmp/tmplxqihm5n']
[2026-03-02T02:51:22.226+0000] {standard_task_runner.py:72} INFO - Started process 1710 to run task
[2026-03-02T02:51:22.226+0000] {standard_task_runner.py:105} INFO - Job 20: Subtask load
[2026-03-02T02:51:22.243+0000] {task_command.py:467} INFO - Running <TaskInstance: WeatherData_ETL.load manual__2026-03-02T02:51:18.203136+00:00 [running]> on host 90873a423d9a
[2026-03-02T02:51:22.279+0000] {taskinstance.py:3131} INFO - Exporting env vars: AIRFLOW_CTX_DAG_OWNER='***' AIRFLOW_CTX_DAG_ID='WeatherData_ETL' AIRFLOW_CTX_TASK_ID='load' AIRFLOW_CTX_EXECUTION_DATE='2026-03-02T02:51:18.203136+00:00' AIRFLOW_CTX_TRY_NUMBER='1' AIRFLOW_CTX_DAG_RUN_ID='manual__2026-03-02T02:51:18.203136+00:00'
[2026-03-02T02:51:22.280+0000] {taskinstance.py:731} INFO - ::endgroup::
[2026-03-02T02:51:22.444+0000] {cursor.py:1156} INFO - Number of results in first chunk: 1
[2026-03-02T02:51:22.587+0000] {cursor.py:1156} INFO - Number of results in first chunk: 1
[2026-03-02T02:51:24.335+0000] {cursor.py:1156} INFO - Number of results in first chunk: 1
[2026-03-02T02:51:24.336+0000] {logging_mixin.py:190} INFO - Loaded 60 records into raw.weather_data_hw5
[2026-03-02T02:51:24.337+0000] {python.py:240} INFO - Done. Returned value was: None
[2026-03-02T02:51:24.348+0000] {taskinstance.py:340} INFO - ::group::Post task execution logs
[2026-03-02T02:51:24.349+0000] {taskinstance.py:352} INFO - Marking task as SUCCESS. dag_id=WeatherData_ETL, task_id=load, run_id=manual__2026-03-02T02:51:18.203136+00:00, execution_date=20260302T025118, start_date=20260302T025122, end_date=20260302T025124
[2026-03-02T02:51:24.374+0000] {local_task_job_runner.py:266} INFO - Task exited with return code 0
[2026-03-02T02:51:24.382+0000] {taskinstance.py:3900} INFO - 0 downstream tasks scheduled from follow-on schedule check
[2026-03-02T02:51:24.383+0000] {local_task_job_runner.py:245} INFO - ::endgroup::
