[2026-03-02T02:51:21.374+0000] {local_task_job_runner.py:123} INFO - ::group::Pre task execution logs
[2026-03-02T02:51:21.381+0000] {taskinstance.py:2612} INFO - Dependencies all met for dep_context=non-requeueable deps ti=<TaskInstance: WeatherData_ETL.transform manual__2026-03-02T02:51:18.203136+00:00 [queued]>
[2026-03-02T02:51:21.383+0000] {taskinstance.py:2612} INFO - Dependencies all met for dep_context=requeueable deps ti=<TaskInstance: WeatherData_ETL.transform manual__2026-03-02T02:51:18.203136+00:00 [queued]>
[2026-03-02T02:51:21.383+0000] {taskinstance.py:2865} INFO - Starting attempt 1 of 1
[2026-03-02T02:51:21.387+0000] {taskinstance.py:2888} INFO - Executing <Task(_PythonDecoratedOperator): transform> on 2026-03-02 02:51:18.203136+00:00
[2026-03-02T02:51:21.392+0000] {logging_mixin.py:190} WARNING - /home/***/.local/lib/python3.12/site-packages/***/task/task_runner/standard_task_runner.py:70 DeprecationWarning: This process (pid=1699) is multi-threaded, use of fork() may lead to deadlocks in the child.
[2026-03-02T02:51:21.392+0000] {standard_task_runner.py:104} INFO - Running: ['***', 'tasks', 'run', 'WeatherData_ETL', 'transform', 'manual__2026-03-02T02:51:18.203136+00:00', '--job-id', '19', '--raw', '--subdir', 'DAGS_FOLDER/Weatherdata_ETL.py', '--cfg-path', '/tmp/tmpt7dog2vg']
[2026-03-02T02:51:21.393+0000] {standard_task_runner.py:72} INFO - Started process 1705 to run task
[2026-03-02T02:51:21.393+0000] {standard_task_runner.py:105} INFO - Job 19: Subtask transform
[2026-03-02T02:51:21.411+0000] {task_command.py:467} INFO - Running <TaskInstance: WeatherData_ETL.transform manual__2026-03-02T02:51:18.203136+00:00 [running]> on host 90873a423d9a
[2026-03-02T02:51:21.443+0000] {taskinstance.py:3131} INFO - Exporting env vars: AIRFLOW_CTX_DAG_OWNER='***' AIRFLOW_CTX_DAG_ID='WeatherData_ETL' AIRFLOW_CTX_TASK_ID='transform' AIRFLOW_CTX_EXECUTION_DATE='2026-03-02T02:51:18.203136+00:00' AIRFLOW_CTX_TRY_NUMBER='1' AIRFLOW_CTX_DAG_RUN_ID='manual__2026-03-02T02:51:18.203136+00:00'
[2026-03-02T02:51:21.443+0000] {taskinstance.py:731} INFO - ::endgroup::
[2026-03-02T02:51:21.444+0000] {python.py:240} INFO - Done. Returned value was: [{'latitude': '37.3382', 'longitude': '-121.8863', 'date': '2025-12-31', 'temp_max': 11.5, 'temp_min': 6.6, 'precipitation': 1.5, 'weather_code': 51, 'city': 'SANJOSE'}, {'latitude': '37.3382', 'longitude': '-121.8863', 'date': '2026-01-01', 'temp_max': 16.3, 'temp_min': 10.1, 'precipitation': 5.4, 'weather_code': 61, 'city': 'SANJOSE'}, {'latitude': '37.3382', 'longitude': '-121.8863', 'date': '2026-01-02', 'temp_max': 16.3, 'temp_min': 11.0, 'precipitation': 0.2, 'weather_code': 51, 'city': 'SANJOSE'}, {'latitude': '37.3382', 'longitude': '-121.8863', 'date': '2026-01-03', 'temp_max': 16.3, 'temp_min': 12.6, 'precipitation': 2.0, 'weather_code': 55, 'city': 'SANJOSE'}, {'latitude': '37.3382', 'longitude': '-121.8863', 'date': '2026-01-04', 'temp_max': 12.8, 'temp_min': 10.6, 'precipitation': 12.9, 'weather_code': 63, 'city': 'SANJOSE'}, {'latitude': '37.3382', 'longitude': '-121.8863', 'date': '2026-01-05', 'temp_max': 14.5, 'temp_min': 10.0, 'precipitation': 2.9, 'weather_code': 53, 'city': 'SANJOSE'}, {'latitude': '37.3382', 'longitude': '-121.8863', 'date': '2026-01-06', 'temp_max': 16.8, 'temp_min': 9.3, 'precipitation': 0.1, 'weather_code': 51, 'city': 'SANJOSE'}, {'latitude': '37.3382', 'longitude': '-121.8863', 'date': '2026-01-07', 'temp_max': 14.6, 'temp_min': 8.2, 'precipitation': 0.0, 'weather_code': 3, 'city': 'SANJOSE'}, {'latitude': '37.3382', 'longitude': '-121.8863', 'date': '2026-01-08', 'temp_max': 13.6, 'temp_min': 5.4, 'precipitation': 0.2, 'weather_code': 51, 'city': 'SANJOSE'}, {'latitude': '37.3382', 'longitude': '-121.8863', 'date': '2026-01-09', 'temp_max': 15.6, 'temp_min': 2.7, 'precipitation': 0.0, 'weather_code': 0, 'city': 'SANJOSE'}, {'latitude': '37.3382', 'longitude': '-121.8863', 'date': '2026-01-10', 'temp_max': 15.8, 'temp_min': 0.4, 'precipitation': 0.0, 'weather_code': 3, 'city': 'SANJOSE'}, {'latitude': '37.3382', 'longitude': '-121.8863', 'date': '2026-01-11', 'temp_max': 16.9, 'temp_min': 1.4, 'precipitation': 0.0, 'weather_code': 3, 'city': 'SANJOSE'}, {'latitude': '37.3382', 'longitude': '-121.8863', 'date': '2026-01-12', 'temp_max': 17.4, 'temp_min': 2.8, 'precipitation': 0.0, 'weather_code': 3, 'city': 'SANJOSE'}, {'latitude': '37.3382', 'longitude': '-121.8863', 'date': '2026-01-13', 'temp_max': 19.3, 'temp_min': 1.9, 'precipitation': 0.0, 'weather_code': 3, 'city': 'SANJOSE'}, {'latitude': '37.3382', 'longitude': '-121.8863', 'date': '2026-01-14', 'temp_max': 19.5, 'temp_min': 2.3, 'precipitation': 0.0, 'weather_code': 3, 'city': 'SANJOSE'}, {'latitude': '37.3382', 'longitude': '-121.8863', 'date': '2026-01-15', 'temp_max': 20.1, 'temp_min': 3.2, 'precipitation': 0.0, 'weather_code': 3, 'city': 'SANJOSE'}, {'latitude': '37.3382', 'longitude': '-121.8863', 'date': '2026-01-16', 'temp_max': 21.7, 'temp_min': 4.0, 'precipitation': 0.0, 'weather_code': 0, 'city': 'SANJOSE'}, {'latitude': '37.3382', 'longitude': '-121.8863', 'date': '2026-01-17', 'temp_max': 19.7, 'temp_min': 4.1, 'precipitation': 0.0, 'weather_code': 3, 'city': 'SANJOSE'}, {'latitude': '37.3382', 'longitude': '-121.8863', 'date': '2026-01-18', 'temp_max': 19.7, 'temp_min': 5.9, 'precipitation': 0.0, 'weather_code': 3, 'city': 'SANJOSE'}, {'latitude': '37.3382', 'longitude': '-121.8863', 'date': '2026-01-19', 'temp_max': 19.4, 'temp_min': 4.2, 'precipitation': 0.0, 'weather_code': 2, 'city': 'SANJOSE'}, {'latitude': '37.3382', 'longitude': '-121.8863', 'date': '2026-01-20', 'temp_max': 15.7, 'temp_min': 5.0, 'precipitation': 0.0, 'weather_code': 3, 'city': 'SANJOSE'}, {'latitude': '37.3382', 'longitude': '-121.8863', 'date': '2026-01-21', 'temp_max': 15.5, 'temp_min': 6.8, 'precipitation': 0.0, 'weather_code': 3, 'city': 'SANJOSE'}, {'latitude': '37.3382', 'longitude': '-121.8863', 'date': '2026-01-22', 'temp_max': 19.3, 'temp_min': 7.6, 'precipitation': 0.0, 'weather_code': 3, 'city': 'SANJOSE'}, {'latitude': '37.3382', 'longitude': '-121.8863', 'date': '2026-01-23', 'temp_max': 12.7, 'temp_min': 7.5, 'precipitation': 0.0, 'weather_code': 45, 'city': 'SANJOSE'}, {'latitude': '37.3382', 'longitude': '-121.8863', 'date': '2026-01-24', 'temp_max': 19.2, 'temp_min': 6.5, 'precipitation': 0.0, 'weather_code': 3, 'city': 'SANJOSE'}, {'latitude': '37.3382', 'longitude': '-121.8863', 'date': '2026-01-25', 'temp_max': 14.9, 'temp_min': 3.5, 'precipitation': 0.0, 'weather_code': 3, 'city': 'SANJOSE'}, {'latitude': '37.3382', 'longitude': '-121.8863', 'date': '2026-01-26', 'temp_max': 18.3, 'temp_min': 5.3, 'precipitation': 0.0, 'weather_code': 3, 'city': 'SANJOSE'}, {'latitude': '37.3382', 'longitude': '-121.8863', 'date': '2026-01-27', 'temp_max': 19.5, 'temp_min': 3.9, 'precipitation': 0.0, 'weather_code': 3, 'city': 'SANJOSE'}, {'latitude': '37.3382', 'longitude': '-121.8863', 'date': '2026-01-28', 'temp_max': 19.1, 'temp_min': 9.1, 'precipitation': 0.0, 'weather_code': 3, 'city': 'SANJOSE'}, {'latitude': '37.3382', 'longitude': '-121.8863', 'date': '2026-01-29', 'temp_max': 19.1, 'temp_min': 6.0, 'precipitation': 0.0, 'weather_code': 3, 'city': 'SANJOSE'}, {'latitude': '37.3382', 'longitude': '-121.8863', 'date': '2026-01-30', 'temp_max': 18.7, 'temp_min': 5.2, 'precipitation': 0.0, 'weather_code': 3, 'city': 'SANJOSE'}, {'latitude': '37.3382', 'longitude': '-121.8863', 'date': '2026-01-31', 'temp_max': 20.0, 'temp_min': 5.1, 'precipitation': 0.0, 'weather_code': 3, 'city': 'SANJOSE'}, {'latitude': '37.3382', 'longitude': '-121.8863', 'date': '2026-02-01', 'temp_max': 19.0, 'temp_min': 6.4, 'precipitation': 0.0, 'weather_code': 3, 'city': 'SANJOSE'}, {'latitude': '37.3382', 'longitude': '-121.8863', 'date': '2026-02-02', 'temp_max': 21.0, 'temp_min': 4.2, 'precipitation': 0.0, 'weather_code': 1, 'city': 'SANJOSE'}, {'latitude': '37.3382', 'longitude': '-121.8863', 'date': '2026-02-03', 'temp_max': 21.0, 'temp_min': 4.1, 'precipitation': 0.0, 'weather_code': 1, 'city': 'SANJOSE'}, {'latitude': '37.3382', 'longitude': '-121.8863', 'date': '2026-02-04', 'temp_max': 22.8, 'temp_min': 4.5, 'precipitation': 0.0, 'weather_code': 2, 'city': 'SANJOSE'}, {'latitude': '37.3382', 'longitude': '-121.8863', 'date': '2026-02-05', 'temp_max': 22.9, 'temp_min': 5.0, 'precipitation': 0.0, 'weather_code': 3, 'city': 'SANJOSE'}, {'latitude': '37.3382', 'longitude': '-121.8863', 'date': '2026-02-06', 'temp_max': 23.4, 'temp_min': 8.8, 'precipitation': 0.0, 'weather_code': 3, 'city': 'SANJOSE'}, {'latitude': '37.3382', 'longitude': '-121.8863', 'date': '2026-02-07', 'temp_max': 18.7, 'temp_min': 9.7, 'precipitation': 0.0, 'weather_code': 45, 'city': 'SANJOSE'}, {'latitude': '37.3382', 'longitude': '-121.8863', 'date': '2026-02-08', 'temp_max': 21.0, 'temp_min': 7.0, 'precipitation': 0.0, 'weather_code': 3, 'city': 'SANJOSE'}, {'latitude': '37.3382', 'longitude': '-121.8863', 'date': '2026-02-09', 'temp_max': 18.9, 'temp_min': 9.2, 'precipitation': 0.0, 'weather_code': 3, 'city': 'SANJOSE'}, {'latitude': '37.3382', 'longitude': '-121.8863', 'date': '2026-02-10', 'temp_max': 17.7, 'temp_min': 6.9, 'precipitation': 5.2, 'weather_code': 61, 'city': 'SANJOSE'}, {'latitude': '37.3382', 'longitude': '-121.8863', 'date': '2026-02-11', 'temp_max': 13.5, 'temp_min': 10.7, 'precipitation': 4.4, 'weather_code': 61, 'city': 'SANJOSE'}, {'latitude': '37.3382', 'longitude': '-121.8863', 'date': '2026-02-12', 'temp_max': 17.1, 'temp_min': 8.5, 'precipitation': 0.0, 'weather_code': 3, 'city': 'SANJOSE'}, {'latitude': '37.3382', 'longitude': '-121.8863', 'date': '2026-02-13', 'temp_max': 16.4, 'temp_min': 6.7, 'precipitation': 0.0, 'weather_code': 3, 'city': 'SANJOSE'}, {'latitude': '37.3382', 'longitude': '-121.8863', 'date': '2026-02-14', 'temp_max': 16.3, 'temp_min': 7.4, 'precipitation': 0.0, 'weather_code': 3, 'city': 'SANJOSE'}, {'latitude': '37.3382', 'longitude': '-121.8863', 'date': '2026-02-15', 'temp_max': 16.2, 'temp_min': 10.0, 'precipitation': 5.5, 'weather_code': 61, 'city': 'SANJOSE'}, {'latitude': '37.3382', 'longitude': '-121.8863', 'date': '2026-02-16', 'temp_max': 11.4, 'temp_min': 8.2, 'precipitation': 19.1, 'weather_code': 63, 'city': 'SANJOSE'}, {'latitude': '37.3382', 'longitude': '-121.8863', 'date': '2026-02-17', 'temp_max': 9.6, 'temp_min': 5.9, 'precipitation': 9.1, 'weather_code': 73, 'city': 'SANJOSE'}, {'latitude': '37.3382', 'longitude': '-121.8863', 'date': '2026-02-18', 'temp_max': 10.6, 'temp_min': 3.7, 'precipitation': 7.9, 'weather_code': 71, 'city': 'SANJOSE'}, {'latitude': '37.3382', 'longitude': '-121.8863', 'date': '2026-02-19', 'temp_max': 10.2, 'temp_min': 5.9, 'precipitation': 6.7, 'weather_code': 61, 'city': 'SANJOSE'}, {'latitude': '37.3382', 'longitude': '-121.8863', 'date': '2026-02-20', 'temp_max': 12.3, 'temp_min': 2.3, 'precipitation': 0.0, 'weather_code': 3, 'city': 'SANJOSE'}, {'latitude': '37.3382', 'longitude': '-121.8863', 'date': '2026-02-21', 'temp_max': 15.4, 'temp_min': 2.9, 'precipitation': 0.0, 'weather_code': 3, 'city': 'SANJOSE'}, {'latitude': '37.3382', 'longitude': '-121.8863', 'date': '2026-02-22', 'temp_max': 19.9, 'temp_min': 6.7, 'precipitation': 0.0, 'weather_code': 3, 'city': 'SANJOSE'}, {'latitude': '37.3382', 'longitude': '-121.8863', 'date': '2026-02-23', 'temp_max': 22.3, 'temp_min': 6.7, 'precipitation': 0.1, 'weather_code': 51, 'city': 'SANJOSE'}, {'latitude': '37.3382', 'longitude': '-121.8863', 'date': '2026-02-24', 'temp_max': 22.1, 'temp_min': 12.7, 'precipitation': 0.0, 'weather_code': 3, 'city': 'SANJOSE'}, {'latitude': '37.3382', 'longitude': '-121.8863', 'date': '2026-02-25', 'temp_max': 21.0, 'temp_min': 14.9, 'precipitation': 0.0, 'weather_code': 3, 'city': 'SANJOSE'}, {'latitude': '37.3382', 'longitude': '-121.8863', 'date': '2026-02-26', 'temp_max': 22.1, 'temp_min': 12.3, 'precipitation': 0.0, 'weather_code': 45, 'city': 'SANJOSE'}, {'latitude': '37.3382', 'longitude': '-121.8863', 'date': '2026-02-27', 'temp_max': 25.8, 'temp_min': 12.0, 'precipitation': 0.0, 'weather_code': 3, 'city': 'SANJOSE'}, {'latitude': '37.3382', 'longitude': '-121.8863', 'date': '2026-02-28', 'temp_max': 26.7, 'temp_min': 13.3, 'precipitation': 0.0, 'weather_code': 3, 'city': 'SANJOSE'}]
[2026-03-02T02:51:21.452+0000] {taskinstance.py:340} INFO - ::group::Post task execution logs
[2026-03-02T02:51:21.452+0000] {taskinstance.py:352} INFO - Marking task as SUCCESS. dag_id=WeatherData_ETL, task_id=transform, run_id=manual__2026-03-02T02:51:18.203136+00:00, execution_date=20260302T025118, start_date=20260302T025121, end_date=20260302T025121
[2026-03-02T02:51:21.492+0000] {local_task_job_runner.py:266} INFO - Task exited with return code 0
[2026-03-02T02:51:21.495+0000] {taskinstance.py:3925} ERROR - Error scheduling downstream tasks. Skipping it as this is entirely optional optimisation. There might be various reasons for it, please take a look at the stack trace to figure out if the root cause can be diagnosed and fixed. See the issue https://github.com/apache/***/issues/39717 for details and an example problem. If you would like to get help in solving root cause, open discussion with all details with your managed service support or in Airflow repository.
Traceback (most recent call last):
  File "/home/airflow/.local/lib/python3.12/site-packages/airflow/models/taskinstance.py", line 3921, in schedule_downstream_tasks
    return TaskInstance._schedule_downstream_tasks(
           ^^^^^^^^^^^^^^^^^^^^^^^^^^^^^^^^^^^^^^^^
  File "/home/airflow/.local/lib/python3.12/site-packages/airflow/utils/session.py", line 94, in wrapper
    return func(*args, **kwargs)
           ^^^^^^^^^^^^^^^^^^^^^
  File "/home/airflow/.local/lib/python3.12/site-packages/airflow/models/taskinstance.py", line 3870, in _schedule_downstream_tasks
    partial_dag = task.dag.partial_subset(
                  ^^^^^^^^^^^^^^^^^^^^^^^^
  File "/home/airflow/.local/lib/python3.12/site-packages/airflow/models/dag.py", line 2664, in partial_subset
    t.task_id: _deepcopy_task(t)
               ^^^^^^^^^^^^^^^^^
  File "/home/airflow/.local/lib/python3.12/site-packages/airflow/models/dag.py", line 2661, in _deepcopy_task
    return copy.deepcopy(t, memo)
           ^^^^^^^^^^^^^^^^^^^^^^
  File "/usr/local/lib/python3.12/copy.py", line 143, in deepcopy
    y = copier(memo)
        ^^^^^^^^^^^^
  File "/home/airflow/.local/lib/python3.12/site-packages/airflow/models/baseoperator.py", line 1388, in __deepcopy__
    setattr(result, k, copy.deepcopy(v, memo))
                       ^^^^^^^^^^^^^^^^^^^^^^
  File "/usr/local/lib/python3.12/copy.py", line 136, in deepcopy
    y = copier(x, memo)
        ^^^^^^^^^^^^^^^
  File "/usr/local/lib/python3.12/copy.py", line 221, in _deepcopy_dict
    y[deepcopy(key, memo)] = deepcopy(value, memo)
                             ^^^^^^^^^^^^^^^^^^^^^
  File "/usr/local/lib/python3.12/copy.py", line 136, in deepcopy
    y = copier(x, memo)
        ^^^^^^^^^^^^^^^
  File "/usr/local/lib/python3.12/copy.py", line 201, in _deepcopy_tuple
    y = [deepcopy(a, memo) for a in x]
         ^^^^^^^^^^^^^^^^^
  File "/usr/local/lib/python3.12/copy.py", line 162, in deepcopy
    y = _reconstruct(x, memo, *rv)
        ^^^^^^^^^^^^^^^^^^^^^^^^^^
  File "/usr/local/lib/python3.12/copy.py", line 259, in _reconstruct
    state = deepcopy(state, memo)
            ^^^^^^^^^^^^^^^^^^^^^
  File "/usr/local/lib/python3.12/copy.py", line 136, in deepcopy
    y = copier(x, memo)
        ^^^^^^^^^^^^^^^
  File "/usr/local/lib/python3.12/copy.py", line 221, in _deepcopy_dict
    y[deepcopy(key, memo)] = deepcopy(value, memo)
                             ^^^^^^^^^^^^^^^^^^^^^
  File "/usr/local/lib/python3.12/copy.py", line 162, in deepcopy
    y = _reconstruct(x, memo, *rv)
        ^^^^^^^^^^^^^^^^^^^^^^^^^^
  File "/usr/local/lib/python3.12/copy.py", line 259, in _reconstruct
    state = deepcopy(state, memo)
            ^^^^^^^^^^^^^^^^^^^^^
  File "/usr/local/lib/python3.12/copy.py", line 136, in deepcopy
    y = copier(x, memo)
        ^^^^^^^^^^^^^^^
  File "/usr/local/lib/python3.12/copy.py", line 221, in _deepcopy_dict
    y[deepcopy(key, memo)] = deepcopy(value, memo)
                             ^^^^^^^^^^^^^^^^^^^^^
  File "/usr/local/lib/python3.12/copy.py", line 151, in deepcopy
    rv = reductor(4)
         ^^^^^^^^^^^
TypeError: cannot pickle '_thread.lock' object
[2026-03-02T02:51:21.497+0000] {local_task_job_runner.py:245} INFO - ::endgroup::
